c:\myfile\c\vcpp_test\consoleapplication1\x64\debug\consoleapplication1.pch
c:\myfile\c\vcpp_test\consoleapplication1\x64\debug\vc141.pdb
c:\myfile\c\vcpp_test\consoleapplication1\x64\debug\vc141.idb
c:\myfile\c\vcpp_test\consoleapplication1\x64\debug\pch.obj
c:\myfile\c\vcpp_test\consoleapplication1\x64\debug\test_page_89.obj
c:\myfile\c\vcpp_test\consoleapplication1\x64\debug\test_page_88.obj
c:\myfile\c\vcpp_test\consoleapplication1\x64\debug\test_6_11.obj
c:\myfile\c\vcpp_test\consoleapplication1\x64\debug\test_6_8.obj
c:\myfile\c\vcpp_test\consoleapplication1\x64\debug\test_4_8.obj
c:\myfile\c\vcpp_test\consoleapplication1\x64\debug\enumtest.obj
c:\myfile\c\vcpp_test\consoleapplication1\x64\debug\consoleapplication1.obj
c:\myfile\c\vcpp_test\consoleapplication1\x64\debug\classtest.obj
c:\myfile\c\vcpp_test\consoleapplication1\x64\debug\bubblesort.obj
c:\myfile\c\vcpp_test\x64\debug\consoleapplication1.ilk
c:\myfile\c\vcpp_test\x64\debug\consoleapplication1.exe
c:\myfile\c\vcpp_test\x64\debug\consoleapplication1.pdb
c:\myfile\c\vcpp_test\consoleapplication1\x64\debug\consolea.a477f9ae.tlog\cl.command.1.tlog
c:\myfile\c\vcpp_test\consoleapplication1\x64\debug\consolea.a477f9ae.tlog\cl.read.1.tlog
c:\myfile\c\vcpp_test\consoleapplication1\x64\debug\consolea.a477f9ae.tlog\cl.write.1.tlog
c:\myfile\c\vcpp_test\consoleapplication1\x64\debug\consolea.a477f9ae.tlog\link.command.1.tlog
c:\myfile\c\vcpp_test\consoleapplication1\x64\debug\consolea.a477f9ae.tlog\link.read.1.tlog
c:\myfile\c\vcpp_test\consoleapplication1\x64\debug\consolea.a477f9ae.tlog\link.write.1.tlog
